SF:lib/src/action.dart
DA:4,1
DA:9,1
DA:10,1
DA:13,1
DA:14,1
DA:17,1
DA:18,1
DA:23,2
DA:27,2
DA:31,2
DA:39,1
DA:44,1
DA:45,1
DA:51,3
DA:54,2
DA:57,1
DA:58,1
DA:60,3
DA:63,1
DA:65,1
DA:66,0
DA:70,1
DA:72,1
DA:73,2
DA:76,1
DA:77,2
DA:79,2
DA:82,2
DA:83,2
DA:84,2
DA:88,2
DA:89,2
DA:95,1
DA:97,2
DA:103,1
DA:104,2
DA:105,1
DA:106,1
DA:107,1
DA:108,1
DA:113,1
DA:114,2
DA:115,2
DA:116,0
DA:117,0
DA:121,1
DA:122,1
DA:123,2
DA:124,2
DA:126,1
LF:50
LH:47
end_of_record
SF:lib/src/action_builder.dart
DA:10,1
DA:15,1
DA:21,1
DA:23,1
DA:24,1
DA:25,1
DA:26,1
DA:27,1
DA:28,1
DA:29,1
LF:10
LH:10
end_of_record
SF:lib/src/view_model.dart
DA:9,2
DA:15,2
DA:21,0
DA:28,1
DA:34,0
LF:5
LH:3
end_of_record
SF:lib/src/view_model_builder.dart
DA:8,1
DA:12,1
DA:17,1
DA:18,1
DA:24,1
DA:26,1
DA:27,1
DA:28,2
DA:29,1
DA:30,1
DA:31,2
DA:37,1
DA:38,5
LF:13
LH:13
end_of_record
SF:lib/src/view_model_provider.dart
DA:11,1
DA:15,1
DA:20,1
DA:21,1
DA:25,1
DA:26,1
DA:32,1
DA:33,6
DA:39,1
DA:40,5
DA:44,1
DA:45,4
DA:48,1
DA:49,2
DA:52,1
DA:53,2
DA:54,1
DA:55,1
DA:60,1
DA:62,1
DA:63,1
DA:64,3
DA:65,3
DA:66,3
DA:67,2
DA:69,2
DA:70,2
DA:71,3
DA:72,1
DA:78,1
DA:80,1
DA:81,3
DA:82,2
DA:83,3
DA:84,1
DA:86,3
DA:88,2
DA:89,2
DA:90,2
DA:92,1
DA:95,1
DA:97,2
LF:42
LH:42
end_of_record
SF:lib/src/action_listener.dart
DA:6,1
DA:11,1
DA:17,1
DA:18,1
DA:22,1
DA:24,1
DA:25,2
DA:28,0
DA:30,0
DA:31,0
DA:32,0
DA:33,0
DA:37,1
DA:39,2
DA:40,1
DA:43,1
DA:45,2
DA:48,0
DA:49,0
DA:52,1
DA:53,2
DA:54,0
DA:58,1
DA:59,2
DA:60,0
LF:25
LH:16
end_of_record
SF:lib/src/lifecycle_provider.dart
DA:5,3
DA:7,1
DA:8,2
DA:11,0
DA:12,0
LF:5
LH:3
end_of_record
